{"/home/zeashan/Code/transact.js/test.js":{"path":"/home/zeashan/Code/transact.js/test.js","s":{"1":1,"2":1,"3":1,"4":1,"5":1,"6":1,"7":1,"8":1,"9":1,"10":1,"11":1,"12":1,"13":1,"14":1,"15":1,"16":1,"17":1,"18":1,"19":1,"20":1,"21":1,"22":1,"23":1,"24":1,"25":1,"26":1,"27":1,"28":1,"29":0,"30":1,"31":0,"32":1,"33":1,"34":1,"35":1,"36":1,"37":1,"38":1,"39":0,"40":1,"41":0,"42":1,"43":1,"44":1,"45":1,"46":1,"47":1,"48":1,"49":1,"50":1,"51":1,"52":1,"53":0,"54":0,"55":1,"56":1,"57":1,"58":0,"59":0,"60":1,"61":1,"62":1,"63":0,"64":0,"65":1,"66":1,"67":1,"68":0,"69":0,"70":1,"71":1,"72":1,"73":1,"74":1,"75":1,"76":1,"77":1,"78":1,"79":1,"80":1,"81":1,"82":1,"83":1,"84":1,"85":1,"86":1,"87":0,"88":0,"89":1,"90":1,"91":1,"92":1,"93":1,"94":1,"95":1,"96":1,"97":1,"98":1,"99":1,"100":1,"101":1,"102":1,"103":1,"104":0,"105":1,"106":1,"107":1,"108":1,"109":1,"110":1,"111":1,"112":1,"113":1,"114":1,"115":1,"116":0,"117":0,"118":0,"119":1,"120":1,"121":1,"122":1,"123":1,"124":1,"125":1,"126":1,"127":1,"128":1,"129":1,"130":0,"131":0,"132":0,"133":1,"134":1,"135":1,"136":1,"137":0,"138":0,"139":0,"140":1,"141":1,"142":1,"143":1,"144":1,"145":1,"146":1,"147":1,"148":1,"149":1,"150":1,"151":1,"152":1,"153":1,"154":1,"155":1,"156":0,"157":0,"158":0,"159":1,"160":1,"161":1,"162":1,"163":1,"164":1,"165":1,"166":1,"167":1,"168":1,"169":1,"170":1,"171":1,"172":1,"173":1,"174":1,"175":1,"176":1,"177":1,"178":1,"179":1,"180":0,"181":0,"182":0,"183":1,"184":1,"185":1,"186":1},"b":{},"f":{"1":0,"2":0,"3":0,"4":0,"5":0,"6":0,"7":0,"8":0,"9":0},"fnMap":{"1":{"name":"(anonymous_1)","line":17,"loc":{"start":{"line":17,"column":31},"end":{"line":17,"column":41}}},"2":{"name":"(anonymous_2)","line":17,"loc":{"start":{"line":17,"column":45},"end":{"line":17,"column":55}}},"3":{"name":"(anonymous_3)","line":26,"loc":{"start":{"line":26,"column":35},"end":{"line":26,"column":45}}},"4":{"name":"(anonymous_4)","line":36,"loc":{"start":{"line":36,"column":31},"end":{"line":36,"column":41}}},"5":{"name":"(anonymous_5)","line":36,"loc":{"start":{"line":36,"column":45},"end":{"line":36,"column":55}}},"6":{"name":"(anonymous_6)","line":50,"loc":{"start":{"line":50,"column":29},"end":{"line":50,"column":40}}},"7":{"name":"(anonymous_7)","line":54,"loc":{"start":{"line":54,"column":29},"end":{"line":54,"column":40}}},"8":{"name":"(anonymous_8)","line":70,"loc":{"start":{"line":70,"column":29},"end":{"line":70,"column":40}}},"9":{"name":"(anonymous_9)","line":74,"loc":{"start":{"line":74,"column":29},"end":{"line":74,"column":40}}}},"statementMap":{"1":{"start":{"line":1,"column":0},"end":{"line":1,"column":38}},"2":{"start":{"line":2,"column":0},"end":{"line":2,"column":51}},"3":{"start":{"line":3,"column":0},"end":{"line":3,"column":59}},"4":{"start":{"line":4,"column":0},"end":{"line":4,"column":36}},"5":{"start":{"line":6,"column":0},"end":{"line":9,"column":2}},"6":{"start":{"line":11,"column":0},"end":{"line":322,"column":3}},"7":{"start":{"line":13,"column":1},"end":{"line":42,"column":4}},"8":{"start":{"line":14,"column":2},"end":{"line":21,"column":5}},"9":{"start":{"line":15,"column":3},"end":{"line":15,"column":19}},"10":{"start":{"line":16,"column":3},"end":{"line":19,"column":16}},"11":{"start":{"line":17,"column":4},"end":{"line":17,"column":59}},"12":{"start":{"line":20,"column":3},"end":{"line":20,"column":53}},"13":{"start":{"line":23,"column":2},"end":{"line":30,"column":5}},"14":{"start":{"line":24,"column":3},"end":{"line":24,"column":19}},"15":{"start":{"line":25,"column":3},"end":{"line":28,"column":16}},"16":{"start":{"line":26,"column":4},"end":{"line":26,"column":49}},"17":{"start":{"line":29,"column":3},"end":{"line":29,"column":27}},"18":{"start":{"line":32,"column":2},"end":{"line":41,"column":4}},"19":{"start":{"line":33,"column":3},"end":{"line":33,"column":19}},"20":{"start":{"line":34,"column":3},"end":{"line":34,"column":35}},"21":{"start":{"line":35,"column":3},"end":{"line":38,"column":16}},"22":{"start":{"line":36,"column":4},"end":{"line":36,"column":66}},"23":{"start":{"line":39,"column":3},"end":{"line":39,"column":53}},"24":{"start":{"line":40,"column":3},"end":{"line":40,"column":48}},"25":{"start":{"line":44,"column":1},"end":{"line":85,"column":4}},"26":{"start":{"line":45,"column":2},"end":{"line":63,"column":5}},"27":{"start":{"line":46,"column":3},"end":{"line":48,"column":5}},"28":{"start":{"line":50,"column":3},"end":{"line":52,"column":5}},"29":{"start":{"line":51,"column":4},"end":{"line":51,"column":31}},"30":{"start":{"line":54,"column":3},"end":{"line":56,"column":5}},"31":{"start":{"line":55,"column":4},"end":{"line":55,"column":32}},"32":{"start":{"line":58,"column":3},"end":{"line":58,"column":76}},"33":{"start":{"line":60,"column":3},"end":{"line":60,"column":39}},"34":{"start":{"line":61,"column":3},"end":{"line":61,"column":25}},"35":{"start":{"line":62,"column":3},"end":{"line":62,"column":59}},"36":{"start":{"line":65,"column":2},"end":{"line":84,"column":5}},"37":{"start":{"line":66,"column":3},"end":{"line":68,"column":5}},"38":{"start":{"line":70,"column":3},"end":{"line":72,"column":5}},"39":{"start":{"line":71,"column":4},"end":{"line":71,"column":31}},"40":{"start":{"line":74,"column":3},"end":{"line":76,"column":5}},"41":{"start":{"line":75,"column":4},"end":{"line":75,"column":32}},"42":{"start":{"line":78,"column":3},"end":{"line":78,"column":76}},"43":{"start":{"line":80,"column":3},"end":{"line":80,"column":39}},"44":{"start":{"line":81,"column":3},"end":{"line":81,"column":25}},"45":{"start":{"line":82,"column":3},"end":{"line":82,"column":23}},"46":{"start":{"line":83,"column":3},"end":{"line":83,"column":59}},"47":{"start":{"line":88,"column":1},"end":{"line":321,"column":4}},"48":{"start":{"line":89,"column":2},"end":{"line":136,"column":5}},"49":{"start":{"line":90,"column":3},"end":{"line":95,"column":5}},"50":{"start":{"line":96,"column":3},"end":{"line":102,"column":6}},"51":{"start":{"line":97,"column":4},"end":{"line":97,"column":24}},"52":{"start":{"line":98,"column":4},"end":{"line":98,"column":29}},"53":{"start":{"line":100,"column":4},"end":{"line":100,"column":25}},"54":{"start":{"line":101,"column":4},"end":{"line":101,"column":29}},"55":{"start":{"line":104,"column":3},"end":{"line":110,"column":6}},"56":{"start":{"line":105,"column":4},"end":{"line":105,"column":24}},"57":{"start":{"line":106,"column":4},"end":{"line":106,"column":29}},"58":{"start":{"line":108,"column":4},"end":{"line":108,"column":25}},"59":{"start":{"line":109,"column":4},"end":{"line":109,"column":29}},"60":{"start":{"line":112,"column":3},"end":{"line":118,"column":6}},"61":{"start":{"line":113,"column":4},"end":{"line":113,"column":24}},"62":{"start":{"line":114,"column":4},"end":{"line":114,"column":29}},"63":{"start":{"line":116,"column":4},"end":{"line":116,"column":25}},"64":{"start":{"line":117,"column":4},"end":{"line":117,"column":29}},"65":{"start":{"line":120,"column":3},"end":{"line":126,"column":6}},"66":{"start":{"line":121,"column":4},"end":{"line":121,"column":24}},"67":{"start":{"line":122,"column":4},"end":{"line":122,"column":29}},"68":{"start":{"line":124,"column":4},"end":{"line":124,"column":25}},"69":{"start":{"line":125,"column":4},"end":{"line":125,"column":29}},"70":{"start":{"line":128,"column":3},"end":{"line":128,"column":86}},"71":{"start":{"line":129,"column":3},"end":{"line":135,"column":6}},"72":{"start":{"line":130,"column":4},"end":{"line":130,"column":36}},"73":{"start":{"line":131,"column":4},"end":{"line":131,"column":36}},"74":{"start":{"line":132,"column":4},"end":{"line":132,"column":36}},"75":{"start":{"line":133,"column":4},"end":{"line":133,"column":36}},"76":{"start":{"line":134,"column":4},"end":{"line":134,"column":11}},"77":{"start":{"line":138,"column":2},"end":{"line":165,"column":5}},"78":{"start":{"line":139,"column":3},"end":{"line":142,"column":5}},"79":{"start":{"line":143,"column":3},"end":{"line":149,"column":6}},"80":{"start":{"line":144,"column":4},"end":{"line":144,"column":24}},"81":{"start":{"line":145,"column":4},"end":{"line":145,"column":29}},"82":{"start":{"line":147,"column":4},"end":{"line":147,"column":25}},"83":{"start":{"line":148,"column":4},"end":{"line":148,"column":29}},"84":{"start":{"line":151,"column":3},"end":{"line":157,"column":6}},"85":{"start":{"line":152,"column":4},"end":{"line":152,"column":24}},"86":{"start":{"line":153,"column":4},"end":{"line":153,"column":28}},"87":{"start":{"line":155,"column":4},"end":{"line":155,"column":25}},"88":{"start":{"line":156,"column":4},"end":{"line":156,"column":29}},"89":{"start":{"line":159,"column":3},"end":{"line":159,"column":72}},"90":{"start":{"line":160,"column":3},"end":{"line":164,"column":6}},"91":{"start":{"line":161,"column":4},"end":{"line":161,"column":37}},"92":{"start":{"line":162,"column":4},"end":{"line":162,"column":36}},"93":{"start":{"line":163,"column":4},"end":{"line":163,"column":11}},"94":{"start":{"line":167,"column":2},"end":{"line":193,"column":5}},"95":{"start":{"line":168,"column":3},"end":{"line":171,"column":5}},"96":{"start":{"line":172,"column":3},"end":{"line":178,"column":6}},"97":{"start":{"line":173,"column":4},"end":{"line":173,"column":24}},"98":{"start":{"line":174,"column":4},"end":{"line":174,"column":29}},"99":{"start":{"line":176,"column":4},"end":{"line":176,"column":25}},"100":{"start":{"line":177,"column":4},"end":{"line":177,"column":29}},"101":{"start":{"line":180,"column":3},"end":{"line":185,"column":6}},"102":{"start":{"line":181,"column":4},"end":{"line":181,"column":24}},"103":{"start":{"line":182,"column":4},"end":{"line":182,"column":28}},"104":{"start":{"line":184,"column":4},"end":{"line":184,"column":28}},"105":{"start":{"line":187,"column":3},"end":{"line":187,"column":72}},"106":{"start":{"line":188,"column":3},"end":{"line":192,"column":6}},"107":{"start":{"line":189,"column":4},"end":{"line":189,"column":37}},"108":{"start":{"line":190,"column":4},"end":{"line":190,"column":36}},"109":{"start":{"line":191,"column":4},"end":{"line":191,"column":11}},"110":{"start":{"line":195,"column":2},"end":{"line":216,"column":5}},"111":{"start":{"line":196,"column":3},"end":{"line":198,"column":5}},"112":{"start":{"line":200,"column":3},"end":{"line":208,"column":9}},"113":{"start":{"line":201,"column":4},"end":{"line":201,"column":18}},"114":{"start":{"line":202,"column":4},"end":{"line":202,"column":28}},"115":{"start":{"line":203,"column":4},"end":{"line":203,"column":30}},"116":{"start":{"line":205,"column":4},"end":{"line":205,"column":18}},"117":{"start":{"line":206,"column":4},"end":{"line":206,"column":28}},"118":{"start":{"line":207,"column":4},"end":{"line":207,"column":30}},"119":{"start":{"line":210,"column":3},"end":{"line":210,"column":65}},"120":{"start":{"line":211,"column":3},"end":{"line":215,"column":6}},"121":{"start":{"line":212,"column":4},"end":{"line":212,"column":37}},"122":{"start":{"line":213,"column":4},"end":{"line":213,"column":42}},"123":{"start":{"line":214,"column":4},"end":{"line":214,"column":11}},"124":{"start":{"line":218,"column":2},"end":{"line":250,"column":5}},"125":{"start":{"line":219,"column":3},"end":{"line":221,"column":5}},"126":{"start":{"line":223,"column":3},"end":{"line":231,"column":9}},"127":{"start":{"line":224,"column":4},"end":{"line":224,"column":18}},"128":{"start":{"line":225,"column":4},"end":{"line":225,"column":28}},"129":{"start":{"line":226,"column":4},"end":{"line":226,"column":30}},"130":{"start":{"line":228,"column":4},"end":{"line":228,"column":18}},"131":{"start":{"line":229,"column":4},"end":{"line":229,"column":28}},"132":{"start":{"line":230,"column":4},"end":{"line":230,"column":30}},"133":{"start":{"line":233,"column":3},"end":{"line":241,"column":9}},"134":{"start":{"line":234,"column":4},"end":{"line":234,"column":18}},"135":{"start":{"line":235,"column":4},"end":{"line":235,"column":29}},"136":{"start":{"line":236,"column":4},"end":{"line":236,"column":30}},"137":{"start":{"line":238,"column":4},"end":{"line":238,"column":18}},"138":{"start":{"line":239,"column":4},"end":{"line":239,"column":29}},"139":{"start":{"line":240,"column":4},"end":{"line":240,"column":30}},"140":{"start":{"line":243,"column":3},"end":{"line":243,"column":72}},"141":{"start":{"line":244,"column":3},"end":{"line":249,"column":6}},"142":{"start":{"line":246,"column":4},"end":{"line":246,"column":38}},"143":{"start":{"line":247,"column":4},"end":{"line":247,"column":43}},"144":{"start":{"line":248,"column":4},"end":{"line":248,"column":11}},"145":{"start":{"line":252,"column":2},"end":{"line":280,"column":5}},"146":{"start":{"line":253,"column":3},"end":{"line":255,"column":5}},"147":{"start":{"line":257,"column":3},"end":{"line":265,"column":9}},"148":{"start":{"line":258,"column":4},"end":{"line":258,"column":18}},"149":{"start":{"line":259,"column":4},"end":{"line":259,"column":28}},"150":{"start":{"line":260,"column":4},"end":{"line":260,"column":30}},"151":{"start":{"line":262,"column":4},"end":{"line":262,"column":18}},"152":{"start":{"line":263,"column":4},"end":{"line":263,"column":28}},"153":{"start":{"line":264,"column":4},"end":{"line":264,"column":30}},"154":{"start":{"line":267,"column":3},"end":{"line":273,"column":9}},"155":{"start":{"line":268,"column":4},"end":{"line":268,"column":33}},"156":{"start":{"line":270,"column":4},"end":{"line":270,"column":18}},"157":{"start":{"line":271,"column":4},"end":{"line":271,"column":29}},"158":{"start":{"line":272,"column":4},"end":{"line":272,"column":30}},"159":{"start":{"line":275,"column":3},"end":{"line":275,"column":72}},"160":{"start":{"line":276,"column":3},"end":{"line":279,"column":6}},"161":{"start":{"line":277,"column":4},"end":{"line":277,"column":37}},"162":{"start":{"line":278,"column":4},"end":{"line":278,"column":11}},"163":{"start":{"line":282,"column":2},"end":{"line":320,"column":5}},"164":{"start":{"line":283,"column":3},"end":{"line":285,"column":5}},"165":{"start":{"line":287,"column":3},"end":{"line":295,"column":9}},"166":{"start":{"line":288,"column":4},"end":{"line":288,"column":18}},"167":{"start":{"line":289,"column":4},"end":{"line":289,"column":28}},"168":{"start":{"line":290,"column":4},"end":{"line":290,"column":30}},"169":{"start":{"line":292,"column":4},"end":{"line":292,"column":18}},"170":{"start":{"line":293,"column":4},"end":{"line":293,"column":28}},"171":{"start":{"line":294,"column":4},"end":{"line":294,"column":30}},"172":{"start":{"line":297,"column":3},"end":{"line":305,"column":9}},"173":{"start":{"line":298,"column":4},"end":{"line":298,"column":18}},"174":{"start":{"line":299,"column":4},"end":{"line":299,"column":29}},"175":{"start":{"line":300,"column":4},"end":{"line":300,"column":30}},"176":{"start":{"line":302,"column":4},"end":{"line":302,"column":18}},"177":{"start":{"line":304,"column":4},"end":{"line":304,"column":29}},"178":{"start":{"line":307,"column":3},"end":{"line":313,"column":9}},"179":{"start":{"line":308,"column":4},"end":{"line":308,"column":33}},"180":{"start":{"line":310,"column":4},"end":{"line":310,"column":18}},"181":{"start":{"line":311,"column":4},"end":{"line":311,"column":29}},"182":{"start":{"line":312,"column":4},"end":{"line":312,"column":30}},"183":{"start":{"line":315,"column":3},"end":{"line":315,"column":79}},"184":{"start":{"line":316,"column":3},"end":{"line":319,"column":6}},"185":{"start":{"line":317,"column":4},"end":{"line":317,"column":38}},"186":{"start":{"line":318,"column":4},"end":{"line":318,"column":11}}},"branchMap":{}},"/home/zeashan/Code/transact.js/index.js":{"path":"/home/zeashan/Code/transact.js/index.js","s":{"1":1,"2":1,"3":1,"4":2,"5":9,"6":9,"7":9,"8":9,"9":9,"10":9,"11":1,"12":2,"13":2,"14":2,"15":0,"16":2,"17":1,"18":30,"19":0,"20":1,"21":1,"22":1,"23":1,"24":1,"25":1,"26":21,"27":21,"28":1,"29":20,"30":20,"31":20,"32":20,"33":1,"34":16,"35":16,"36":16,"37":16,"38":16,"39":12,"40":12,"41":12,"42":4,"43":0,"44":5,"45":5,"46":5,"47":5,"48":4,"49":4,"50":1,"51":1,"52":1,"53":1,"54":9,"55":9,"56":9,"57":9,"58":1,"59":2,"60":2,"61":0,"62":1,"63":4,"64":4,"65":9,"66":5,"67":4,"68":15,"69":3,"70":3,"71":3,"72":3,"73":3,"74":3,"75":8,"76":3,"77":1,"78":1,"79":2,"80":2,"81":2,"82":2,"83":0,"84":0,"85":4,"86":4,"87":4,"88":4,"89":4,"90":8,"91":6,"92":2,"93":2,"94":2,"95":2,"96":1,"97":1,"98":1,"99":1,"100":1,"101":1,"102":10,"103":1,"104":1},"b":{"1":[9,9],"2":[9,0],"3":[2,0],"4":[0,2],"5":[0,30],"6":[1,20],"7":[21,20],"8":[9,11],"9":[16,0],"10":[4,12],"11":[5,0],"12":[7,2],"13":[9,7],"14":[0,9],"15":[7,2],"16":[2,0],"17":[5,4],"18":[4,0],"19":[8,2]},"f":{"1":1,"2":2,"3":2,"4":30,"5":1,"6":21,"7":16,"8":16,"9":12,"10":4,"11":5,"12":5,"13":4,"14":1,"15":1,"16":9,"17":2,"18":1,"19":4,"20":9,"21":15,"22":3,"23":3,"24":3,"25":8,"26":1,"27":2,"28":2,"29":0,"30":4,"31":4,"32":8,"33":6,"34":2,"35":2,"36":1,"37":1,"38":10},"fnMap":{"1":{"name":"(anonymous_1)","line":7,"loc":{"start":{"line":7,"column":19},"end":{"line":7,"column":31}}},"2":{"name":"defineProperties","line":7,"loc":{"start":{"line":7,"column":33},"end":{"line":7,"column":74}}},"3":{"name":"(anonymous_3)","line":7,"loc":{"start":{"line":7,"column":357},"end":{"line":7,"column":405}}},"4":{"name":"_classCallCheck","line":9,"loc":{"start":{"line":9,"column":0},"end":{"line":9,"column":48}}},"5":{"name":"(anonymous_5)","line":21,"loc":{"start":{"line":21,"column":22},"end":{"line":21,"column":34}}},"6":{"name":"TransactionItem","line":28,"loc":{"start":{"line":28,"column":1},"end":{"line":28,"column":51}}},"7":{"name":"exec","line":49,"loc":{"start":{"line":49,"column":9},"end":{"line":49,"column":26}}},"8":{"name":"(anonymous_8)","line":52,"loc":{"start":{"line":52,"column":22},"end":{"line":52,"column":49}}},"9":{"name":"(anonymous_9)","line":56,"loc":{"start":{"line":56,"column":37},"end":{"line":56,"column":57}}},"10":{"name":"(anonymous_10)","line":61,"loc":{"start":{"line":61,"column":14},"end":{"line":61,"column":31}}},"11":{"name":"rollback","line":71,"loc":{"start":{"line":71,"column":9},"end":{"line":71,"column":29}}},"12":{"name":"(anonymous_12)","line":74,"loc":{"start":{"line":74,"column":22},"end":{"line":74,"column":49}}},"13":{"name":"(anonymous_13)","line":76,"loc":{"start":{"line":76,"column":39},"end":{"line":76,"column":51}}},"14":{"name":"(anonymous_14)","line":79,"loc":{"start":{"line":79,"column":14},"end":{"line":79,"column":31}}},"15":{"name":"(anonymous_15)","line":95,"loc":{"start":{"line":95,"column":18},"end":{"line":95,"column":30}}},"16":{"name":"Transaction","line":102,"loc":{"start":{"line":102,"column":1},"end":{"line":102,"column":63}}},"17":{"name":"add","line":118,"loc":{"start":{"line":118,"column":9},"end":{"line":118,"column":39}}},"18":{"name":"clear","line":132,"loc":{"start":{"line":132,"column":9},"end":{"line":132,"column":26}}},"19":{"name":"rollbackAll","line":143,"loc":{"start":{"line":143,"column":9},"end":{"line":143,"column":32}}},"20":{"name":"(anonymous_20)","line":145,"loc":{"start":{"line":145,"column":39},"end":{"line":145,"column":55}}},"21":{"name":"_log","line":154,"loc":{"start":{"line":154,"column":9},"end":{"line":154,"column":32}}},"22":{"name":"_error","line":159,"loc":{"start":{"line":159,"column":9},"end":{"line":159,"column":34}}},"23":{"name":"runParallel","line":169,"loc":{"start":{"line":169,"column":9},"end":{"line":169,"column":32}}},"24":{"name":"(anonymous_24)","line":172,"loc":{"start":{"line":172,"column":22},"end":{"line":172,"column":49}}},"25":{"name":"(anonymous_25)","line":175,"loc":{"start":{"line":175,"column":37},"end":{"line":175,"column":53}}},"26":{"name":"(anonymous_26)","line":178,"loc":{"start":{"line":178,"column":31},"end":{"line":178,"column":43}}},"27":{"name":"(anonymous_27)","line":181,"loc":{"start":{"line":181,"column":13},"end":{"line":181,"column":30}}},"28":{"name":"(anonymous_28)","line":183,"loc":{"start":{"line":183,"column":31},"end":{"line":183,"column":43}}},"29":{"name":"(anonymous_29)","line":186,"loc":{"start":{"line":186,"column":14},"end":{"line":186,"column":31}}},"30":{"name":"runSerial","line":200,"loc":{"start":{"line":200,"column":9},"end":{"line":200,"column":30}}},"31":{"name":"(anonymous_31)","line":203,"loc":{"start":{"line":203,"column":22},"end":{"line":203,"column":49}}},"32":{"name":"(anonymous_32)","line":206,"loc":{"start":{"line":206,"column":45},"end":{"line":206,"column":66}}},"33":{"name":"(anonymous_33)","line":207,"loc":{"start":{"line":207,"column":33},"end":{"line":207,"column":54}}},"34":{"name":"(anonymous_34)","line":210,"loc":{"start":{"line":210,"column":19},"end":{"line":210,"column":42}}},"35":{"name":"(anonymous_35)","line":213,"loc":{"start":{"line":213,"column":14},"end":{"line":213,"column":31}}},"36":{"name":"(anonymous_36)","line":215,"loc":{"start":{"line":215,"column":32},"end":{"line":215,"column":44}}},"37":{"name":"(anonymous_37)","line":218,"loc":{"start":{"line":218,"column":15},"end":{"line":218,"column":32}}},"38":{"name":"errorAsString","line":231,"loc":{"start":{"line":231,"column":0},"end":{"line":231,"column":30}}}},"statementMap":{"1":{"start":{"line":3,"column":0},"end":{"line":5,"column":3}},"2":{"start":{"line":7,"column":0},"end":{"line":7,"column":564}},"3":{"start":{"line":7,"column":33},"end":{"line":7,"column":349}},"4":{"start":{"line":7,"column":76},"end":{"line":7,"column":347}},"5":{"start":{"line":7,"column":117},"end":{"line":7,"column":143}},"6":{"start":{"line":7,"column":144},"end":{"line":7,"column":199}},"7":{"start":{"line":7,"column":200},"end":{"line":7,"column":231}},"8":{"start":{"line":7,"column":232},"end":{"line":7,"column":286}},"9":{"start":{"line":7,"column":259},"end":{"line":7,"column":286}},"10":{"start":{"line":7,"column":287},"end":{"line":7,"column":345}},"11":{"start":{"line":7,"column":350},"end":{"line":7,"column":559}},"12":{"start":{"line":7,"column":407},"end":{"line":7,"column":475}},"13":{"start":{"line":7,"column":423},"end":{"line":7,"column":475}},"14":{"start":{"line":7,"column":476},"end":{"line":7,"column":536}},"15":{"start":{"line":7,"column":493},"end":{"line":7,"column":536}},"16":{"start":{"line":7,"column":537},"end":{"line":7,"column":556}},"17":{"start":{"line":9,"column":0},"end":{"line":9,"column":153}},"18":{"start":{"line":9,"column":50},"end":{"line":9,"column":151}},"19":{"start":{"line":9,"column":92},"end":{"line":9,"column":149}},"20":{"start":{"line":11,"column":0},"end":{"line":11,"column":34}},"21":{"start":{"line":12,"column":0},"end":{"line":12,"column":40}},"22":{"start":{"line":13,"column":0},"end":{"line":13,"column":50}},"23":{"start":{"line":14,"column":0},"end":{"line":14,"column":46}},"24":{"start":{"line":21,"column":0},"end":{"line":88,"column":4}},"25":{"start":{"line":28,"column":1},"end":{"line":39,"column":2}},"26":{"start":{"line":29,"column":2},"end":{"line":29,"column":41}},"27":{"start":{"line":31,"column":2},"end":{"line":33,"column":3}},"28":{"start":{"line":32,"column":3},"end":{"line":32,"column":108}},"29":{"start":{"line":34,"column":2},"end":{"line":34,"column":25}},"30":{"start":{"line":35,"column":2},"end":{"line":35,"column":36}},"31":{"start":{"line":37,"column":2},"end":{"line":37,"column":25}},"32":{"start":{"line":38,"column":2},"end":{"line":38,"column":25}},"33":{"start":{"line":47,"column":1},"end":{"line":85,"column":5}},"34":{"start":{"line":50,"column":3},"end":{"line":50,"column":20}},"35":{"start":{"line":52,"column":3},"end":{"line":67,"column":6}},"36":{"start":{"line":53,"column":4},"end":{"line":66,"column":5}},"37":{"start":{"line":54,"column":5},"end":{"line":54,"column":39}},"38":{"start":{"line":56,"column":5},"end":{"line":63,"column":8}},"39":{"start":{"line":57,"column":6},"end":{"line":57,"column":29}},"40":{"start":{"line":59,"column":6},"end":{"line":59,"column":29}},"41":{"start":{"line":60,"column":6},"end":{"line":60,"column":27}},"42":{"start":{"line":62,"column":6},"end":{"line":62,"column":80}},"43":{"start":{"line":65,"column":5},"end":{"line":65,"column":78}},"44":{"start":{"line":72,"column":3},"end":{"line":72,"column":21}},"45":{"start":{"line":74,"column":3},"end":{"line":83,"column":6}},"46":{"start":{"line":75,"column":4},"end":{"line":82,"column":5}},"47":{"start":{"line":76,"column":5},"end":{"line":81,"column":8}},"48":{"start":{"line":77,"column":6},"end":{"line":77,"column":31}},"49":{"start":{"line":78,"column":6},"end":{"line":78,"column":16}},"50":{"start":{"line":80,"column":6},"end":{"line":80,"column":81}},"51":{"start":{"line":87,"column":1},"end":{"line":87,"column":24}},"52":{"start":{"line":95,"column":0},"end":{"line":229,"column":4}},"53":{"start":{"line":102,"column":1},"end":{"line":108,"column":2}},"54":{"start":{"line":103,"column":2},"end":{"line":103,"column":37}},"55":{"start":{"line":105,"column":2},"end":{"line":105,"column":94}},"56":{"start":{"line":106,"column":2},"end":{"line":106,"column":83}},"57":{"start":{"line":107,"column":2},"end":{"line":107,"column":42}},"58":{"start":{"line":116,"column":1},"end":{"line":226,"column":5}},"59":{"start":{"line":119,"column":3},"end":{"line":123,"column":4}},"60":{"start":{"line":120,"column":4},"end":{"line":120,"column":48}},"61":{"start":{"line":122,"column":4},"end":{"line":122,"column":68}},"62":{"start":{"line":133,"column":3},"end":{"line":133,"column":30}},"63":{"start":{"line":144,"column":3},"end":{"line":144,"column":21}},"64":{"start":{"line":145,"column":3},"end":{"line":149,"column":6}},"65":{"start":{"line":146,"column":4},"end":{"line":148,"column":5}},"66":{"start":{"line":147,"column":5},"end":{"line":147,"column":36}},"67":{"start":{"line":150,"column":3},"end":{"line":150,"column":32}},"68":{"start":{"line":155,"column":3},"end":{"line":155,"column":56}},"69":{"start":{"line":160,"column":3},"end":{"line":160,"column":58}},"70":{"start":{"line":170,"column":3},"end":{"line":170,"column":21}},"71":{"start":{"line":172,"column":3},"end":{"line":191,"column":6}},"72":{"start":{"line":173,"column":4},"end":{"line":173,"column":42}},"73":{"start":{"line":174,"column":4},"end":{"line":174,"column":22}},"74":{"start":{"line":175,"column":4},"end":{"line":177,"column":7}},"75":{"start":{"line":176,"column":5},"end":{"line":176,"column":32}},"76":{"start":{"line":178,"column":4},"end":{"line":190,"column":7}},"77":{"start":{"line":179,"column":5},"end":{"line":179,"column":53}},"78":{"start":{"line":180,"column":5},"end":{"line":180,"column":15}},"79":{"start":{"line":182,"column":5},"end":{"line":182,"column":66}},"80":{"start":{"line":183,"column":5},"end":{"line":189,"column":8}},"81":{"start":{"line":184,"column":6},"end":{"line":184,"column":59}},"82":{"start":{"line":185,"column":6},"end":{"line":185,"column":20}},"83":{"start":{"line":187,"column":6},"end":{"line":187,"column":80}},"84":{"start":{"line":188,"column":6},"end":{"line":188,"column":20}},"85":{"start":{"line":201,"column":3},"end":{"line":201,"column":21}},"86":{"start":{"line":203,"column":3},"end":{"line":224,"column":6}},"87":{"start":{"line":204,"column":4},"end":{"line":223,"column":5}},"88":{"start":{"line":205,"column":5},"end":{"line":205,"column":43}},"89":{"start":{"line":206,"column":5},"end":{"line":222,"column":8}},"90":{"start":{"line":207,"column":6},"end":{"line":209,"column":9}},"91":{"start":{"line":208,"column":7},"end":{"line":208,"column":24}},"92":{"start":{"line":211,"column":6},"end":{"line":211,"column":54}},"93":{"start":{"line":212,"column":6},"end":{"line":212,"column":27}},"94":{"start":{"line":214,"column":6},"end":{"line":214,"column":65}},"95":{"start":{"line":215,"column":6},"end":{"line":221,"column":9}},"96":{"start":{"line":216,"column":7},"end":{"line":216,"column":60}},"97":{"start":{"line":217,"column":7},"end":{"line":217,"column":21}},"98":{"start":{"line":219,"column":7},"end":{"line":219,"column":81}},"99":{"start":{"line":220,"column":7},"end":{"line":220,"column":21}},"100":{"start":{"line":228,"column":1},"end":{"line":228,"column":20}},"101":{"start":{"line":231,"column":0},"end":{"line":233,"column":1}},"102":{"start":{"line":232,"column":1},"end":{"line":232,"column":38}},"103":{"start":{"line":235,"column":0},"end":{"line":235,"column":34}},"104":{"start":{"line":236,"column":0},"end":{"line":236,"column":42}}},"branchMap":{"1":{"line":7,"type":"binary-expr","locations":[{"start":{"line":7,"column":168},"end":{"line":7,"column":189}},{"start":{"line":7,"column":193},"end":{"line":7,"column":198}}]},"2":{"line":7,"type":"if","locations":[{"start":{"line":7,"column":232},"end":{"line":7,"column":232}},{"start":{"line":7,"column":232},"end":{"line":7,"column":232}}]},"3":{"line":7,"type":"if","locations":[{"start":{"line":7,"column":407},"end":{"line":7,"column":407}},{"start":{"line":7,"column":407},"end":{"line":7,"column":407}}]},"4":{"line":7,"type":"if","locations":[{"start":{"line":7,"column":476},"end":{"line":7,"column":476}},{"start":{"line":7,"column":476},"end":{"line":7,"column":476}}]},"5":{"line":9,"type":"if","locations":[{"start":{"line":9,"column":50},"end":{"line":9,"column":50}},{"start":{"line":9,"column":50},"end":{"line":9,"column":50}}]},"6":{"line":31,"type":"if","locations":[{"start":{"line":31,"column":2},"end":{"line":31,"column":2}},{"start":{"line":31,"column":2},"end":{"line":31,"column":2}}]},"7":{"line":31,"type":"binary-expr","locations":[{"start":{"line":31,"column":8},"end":{"line":31,"column":27}},{"start":{"line":31,"column":31},"end":{"line":31,"column":50}}]},"8":{"line":35,"type":"cond-expr","locations":[{"start":{"line":35,"column":23},"end":{"line":35,"column":28}},{"start":{"line":35,"column":31},"end":{"line":35,"column":35}}]},"9":{"line":53,"type":"if","locations":[{"start":{"line":53,"column":4},"end":{"line":53,"column":4}},{"start":{"line":53,"column":4},"end":{"line":53,"column":4}}]},"10":{"line":54,"type":"cond-expr","locations":[{"start":{"line":54,"column":23},"end":{"line":54,"column":24}},{"start":{"line":54,"column":27},"end":{"line":54,"column":38}}]},"11":{"line":75,"type":"if","locations":[{"start":{"line":75,"column":4},"end":{"line":75,"column":4}},{"start":{"line":75,"column":4},"end":{"line":75,"column":4}}]},"12":{"line":105,"type":"cond-expr","locations":[{"start":{"line":105,"column":72},"end":{"line":105,"column":88}},{"start":{"line":105,"column":91},"end":{"line":105,"column":93}}]},"13":{"line":105,"type":"binary-expr","locations":[{"start":{"line":105,"column":26},"end":{"line":105,"column":42}},{"start":{"line":105,"column":46},"end":{"line":105,"column":69}}]},"14":{"line":106,"type":"cond-expr","locations":[{"start":{"line":106,"column":39},"end":{"line":106,"column":52}},{"start":{"line":106,"column":55},"end":{"line":106,"column":82}}]},"15":{"line":107,"type":"cond-expr","locations":[{"start":{"line":107,"column":25},"end":{"line":107,"column":31}},{"start":{"line":107,"column":34},"end":{"line":107,"column":41}}]},"16":{"line":119,"type":"if","locations":[{"start":{"line":119,"column":3},"end":{"line":119,"column":3}},{"start":{"line":119,"column":3},"end":{"line":119,"column":3}}]},"17":{"line":146,"type":"if","locations":[{"start":{"line":146,"column":4},"end":{"line":146,"column":4}},{"start":{"line":146,"column":4},"end":{"line":146,"column":4}}]},"18":{"line":204,"type":"if","locations":[{"start":{"line":204,"column":4},"end":{"line":204,"column":4}},{"start":{"line":204,"column":4},"end":{"line":204,"column":4}}]},"19":{"line":232,"type":"cond-expr","locations":[{"start":{"line":232,"column":16},"end":{"line":232,"column":32}},{"start":{"line":232,"column":35},"end":{"line":232,"column":37}}]}}}}