TN:
SF:/home/zeashan/Code/transact.js/test.js
FN:17,(anonymous_1)
FN:17,(anonymous_2)
FN:26,(anonymous_3)
FN:36,(anonymous_4)
FN:36,(anonymous_5)
FN:50,(anonymous_6)
FN:54,(anonymous_7)
FN:70,(anonymous_8)
FN:74,(anonymous_9)
FNF:9
FNH:0
FNDA:0,(anonymous_1)
FNDA:0,(anonymous_2)
FNDA:0,(anonymous_3)
FNDA:0,(anonymous_4)
FNDA:0,(anonymous_5)
FNDA:0,(anonymous_6)
FNDA:0,(anonymous_7)
FNDA:0,(anonymous_8)
FNDA:0,(anonymous_9)
DA:1,1
DA:2,1
DA:3,1
DA:4,1
DA:6,1
DA:11,1
DA:13,1
DA:14,1
DA:15,1
DA:16,1
DA:17,1
DA:20,1
DA:23,1
DA:24,1
DA:25,1
DA:26,1
DA:29,1
DA:32,1
DA:33,1
DA:34,1
DA:35,1
DA:36,1
DA:39,1
DA:40,1
DA:44,1
DA:45,1
DA:46,1
DA:50,1
DA:51,0
DA:54,1
DA:55,0
DA:58,1
DA:60,1
DA:61,1
DA:62,1
DA:65,1
DA:66,1
DA:70,1
DA:71,0
DA:74,1
DA:75,0
DA:78,1
DA:80,1
DA:81,1
DA:82,1
DA:83,1
DA:88,1
DA:89,1
DA:90,1
DA:96,1
DA:97,1
DA:98,1
DA:100,0
DA:101,0
DA:104,1
DA:105,1
DA:106,1
DA:108,0
DA:109,0
DA:112,1
DA:113,1
DA:114,1
DA:116,0
DA:117,0
DA:120,1
DA:121,1
DA:122,1
DA:124,0
DA:125,0
DA:128,1
DA:129,1
DA:130,1
DA:131,1
DA:132,1
DA:133,1
DA:134,1
DA:138,1
DA:139,1
DA:143,1
DA:144,1
DA:145,1
DA:147,1
DA:148,1
DA:151,1
DA:152,1
DA:153,1
DA:155,0
DA:156,0
DA:159,1
DA:160,1
DA:161,1
DA:162,1
DA:163,1
DA:167,1
DA:168,1
DA:172,1
DA:173,1
DA:174,1
DA:176,1
DA:177,1
DA:180,1
DA:181,1
DA:182,1
DA:184,0
DA:187,1
DA:188,1
DA:189,1
DA:190,1
DA:191,1
DA:195,1
DA:196,1
DA:200,1
DA:201,1
DA:202,1
DA:203,1
DA:205,0
DA:206,0
DA:207,0
DA:210,1
DA:211,1
DA:212,1
DA:213,1
DA:214,1
DA:218,1
DA:219,1
DA:223,1
DA:224,1
DA:225,1
DA:226,1
DA:228,0
DA:229,0
DA:230,0
DA:233,1
DA:234,1
DA:235,1
DA:236,1
DA:238,0
DA:239,0
DA:240,0
DA:243,1
DA:244,1
DA:246,1
DA:247,1
DA:248,1
DA:252,1
DA:253,1
DA:257,1
DA:258,1
DA:259,1
DA:260,1
DA:262,1
DA:263,1
DA:264,1
DA:267,1
DA:268,1
DA:270,0
DA:271,0
DA:272,0
DA:275,1
DA:276,1
DA:277,1
DA:278,1
DA:282,1
DA:283,1
DA:287,1
DA:288,1
DA:289,1
DA:290,1
DA:292,1
DA:293,1
DA:294,1
DA:297,1
DA:298,1
DA:299,1
DA:300,1
DA:302,1
DA:304,1
DA:307,1
DA:308,1
DA:310,0
DA:311,0
DA:312,0
DA:315,1
DA:316,1
DA:317,1
DA:318,1
LF:186
LH:156
BRF:0
BRH:0
end_of_record
TN:
SF:/home/zeashan/Code/transact.js/index.js
FN:7,(anonymous_1)
FN:7,defineProperties
FN:7,(anonymous_3)
FN:9,_classCallCheck
FN:21,(anonymous_5)
FN:28,TransactionItem
FN:49,exec
FN:52,(anonymous_8)
FN:56,(anonymous_9)
FN:61,(anonymous_10)
FN:71,rollback
FN:74,(anonymous_12)
FN:76,(anonymous_13)
FN:79,(anonymous_14)
FN:95,(anonymous_15)
FN:102,Transaction
FN:118,add
FN:132,clear
FN:143,rollbackAll
FN:145,(anonymous_20)
FN:154,_log
FN:159,_error
FN:169,runParallel
FN:172,(anonymous_24)
FN:175,(anonymous_25)
FN:178,(anonymous_26)
FN:181,(anonymous_27)
FN:183,(anonymous_28)
FN:186,(anonymous_29)
FN:200,runSerial
FN:203,(anonymous_31)
FN:206,(anonymous_32)
FN:207,(anonymous_33)
FN:210,(anonymous_34)
FN:213,(anonymous_35)
FN:215,(anonymous_36)
FN:218,(anonymous_37)
FN:231,errorAsString
FNF:38
FNH:37
FNDA:1,(anonymous_1)
FNDA:2,defineProperties
FNDA:2,(anonymous_3)
FNDA:30,_classCallCheck
FNDA:1,(anonymous_5)
FNDA:21,TransactionItem
FNDA:16,exec
FNDA:16,(anonymous_8)
FNDA:12,(anonymous_9)
FNDA:4,(anonymous_10)
FNDA:5,rollback
FNDA:5,(anonymous_12)
FNDA:4,(anonymous_13)
FNDA:1,(anonymous_14)
FNDA:1,(anonymous_15)
FNDA:9,Transaction
FNDA:2,add
FNDA:1,clear
FNDA:4,rollbackAll
FNDA:9,(anonymous_20)
FNDA:15,_log
FNDA:3,_error
FNDA:3,runParallel
FNDA:3,(anonymous_24)
FNDA:8,(anonymous_25)
FNDA:1,(anonymous_26)
FNDA:2,(anonymous_27)
FNDA:2,(anonymous_28)
FNDA:0,(anonymous_29)
FNDA:4,runSerial
FNDA:4,(anonymous_31)
FNDA:8,(anonymous_32)
FNDA:6,(anonymous_33)
FNDA:2,(anonymous_34)
FNDA:2,(anonymous_35)
FNDA:1,(anonymous_36)
FNDA:1,(anonymous_37)
FNDA:10,errorAsString
DA:3,1
DA:7,9
DA:9,30
DA:11,1
DA:12,1
DA:13,1
DA:14,1
DA:21,1
DA:28,1
DA:29,21
DA:31,21
DA:32,1
DA:34,20
DA:35,20
DA:37,20
DA:38,20
DA:47,1
DA:50,16
DA:52,16
DA:53,16
DA:54,16
DA:56,16
DA:57,12
DA:59,12
DA:60,12
DA:62,4
DA:65,0
DA:72,5
DA:74,5
DA:75,5
DA:76,5
DA:77,4
DA:78,4
DA:80,1
DA:87,1
DA:95,1
DA:102,1
DA:103,9
DA:105,9
DA:106,9
DA:107,9
DA:116,1
DA:119,2
DA:120,2
DA:122,0
DA:133,1
DA:144,4
DA:145,4
DA:146,9
DA:147,5
DA:150,4
DA:155,15
DA:160,3
DA:170,3
DA:172,3
DA:173,3
DA:174,3
DA:175,3
DA:176,8
DA:178,3
DA:179,1
DA:180,1
DA:182,2
DA:183,2
DA:184,2
DA:185,2
DA:187,0
DA:188,0
DA:201,4
DA:203,4
DA:204,4
DA:205,4
DA:206,4
DA:207,8
DA:208,6
DA:211,2
DA:212,2
DA:214,2
DA:215,2
DA:216,1
DA:217,1
DA:219,1
DA:220,1
DA:228,1
DA:231,1
DA:232,10
DA:235,1
DA:236,1
LF:88
LH:84
BRDA:7,1,0,9
BRDA:7,1,1,9
BRDA:7,2,0,9
BRDA:7,2,1,0
BRDA:7,3,0,2
BRDA:7,3,1,0
BRDA:7,4,0,0
BRDA:7,4,1,2
BRDA:9,5,0,0
BRDA:9,5,1,30
BRDA:31,6,0,1
BRDA:31,6,1,20
BRDA:31,7,0,21
BRDA:31,7,1,20
BRDA:35,8,0,9
BRDA:35,8,1,11
BRDA:53,9,0,16
BRDA:53,9,1,0
BRDA:54,10,0,4
BRDA:54,10,1,12
BRDA:75,11,0,5
BRDA:75,11,1,0
BRDA:105,12,0,7
BRDA:105,12,1,2
BRDA:105,13,0,9
BRDA:105,13,1,7
BRDA:106,14,0,0
BRDA:106,14,1,9
BRDA:107,15,0,7
BRDA:107,15,1,2
BRDA:119,16,0,2
BRDA:119,16,1,0
BRDA:146,17,0,5
BRDA:146,17,1,4
BRDA:204,18,0,4
BRDA:204,18,1,0
BRDA:232,19,0,8
BRDA:232,19,1,2
BRF:38
BRH:29
end_of_record
